[PREINITIALIZATION][CLIENT][INFO] Current loaders after merging: [[preinit]]
[PREINITIALIZATION][CLIENT][INFO] Loading scripts for loader with names [preinit]
[PREINITIALIZATION][CLIENT][INFO] [preinit | SIDE_CLIENT]: Skipping file {[2:contenttweaker]: contenttweaker\items.zs} as we are currently loading with a different loader
[PREINITIALIZATION][CLIENT][INFO] [preinit | SIDE_CLIENT]: Skipping file {[0:crafttweaker]: me5.zs} as we are currently loading with a different loader
[PREINITIALIZATION][CLIENT][INFO] [preinit | SIDE_CLIENT]: Skipping file {[0:crafttweaker]: recipes.zs} as we are currently loading with a different loader
[PREINITIALIZATION][CLIENT][INFO] [preinit | SIDE_CLIENT]: Skipping file {[0:crafttweaker]: test.zs} as we are currently loading with a different loader
[PREINITIALIZATION][CLIENT][INFO] Completed script loading in: 6ms
[PREINITIALIZATION][CLIENT][INFO] Current loaders after merging: [[preinit], [alchemistry]]
[PREINITIALIZATION][CLIENT][INFO] Loading scripts for loader with names [alchemistry]
[PREINITIALIZATION][CLIENT][INFO] [alchemistry | SIDE_CLIENT]: Skipping file {[2:contenttweaker]: contenttweaker\items.zs} as we are currently loading with a different loader
[PREINITIALIZATION][CLIENT][INFO] [alchemistry | SIDE_CLIENT]: Skipping file {[0:crafttweaker]: me5.zs} as we are currently loading with a different loader
[PREINITIALIZATION][CLIENT][INFO] [alchemistry | SIDE_CLIENT]: Skipping file {[0:crafttweaker]: recipes.zs} as we are currently loading with a different loader
[PREINITIALIZATION][CLIENT][INFO] [alchemistry | SIDE_CLIENT]: Skipping file {[0:crafttweaker]: test.zs} as we are currently loading with a different loader
[PREINITIALIZATION][CLIENT][INFO] Completed script loading in: 0ms
[PREINITIALIZATION][CLIENT][INFO] Current loaders after merging: [[preinit], [alchemistry], [contenttweaker]]
[PREINITIALIZATION][CLIENT][INFO] Loading scripts for loader with names [contenttweaker]
[PREINITIALIZATION][CLIENT][INFO] [contenttweaker | SIDE_CLIENT]: Loading Script: {[2:contenttweaker]: contenttweaker\items.zs}
[PREINITIALIZATION][CLIENT][INFO] [contenttweaker | SIDE_CLIENT]: Skipping file {[0:crafttweaker]: me5.zs} as we are currently loading with a different loader
[PREINITIALIZATION][CLIENT][INFO] [contenttweaker | SIDE_CLIENT]: Skipping file {[0:crafttweaker]: recipes.zs} as we are currently loading with a different loader
[PREINITIALIZATION][CLIENT][INFO] [contenttweaker | SIDE_CLIENT]: Skipping file {[0:crafttweaker]: test.zs} as we are currently loading with a different loader
[PREINITIALIZATION][CLIENT][INFO] Completed script loading in: 686ms
[INITIALIZATION][CLIENT][INFO] CraftTweaker: Building registry
[INITIALIZATION][CLIENT][INFO] CraftTweaker: Successfully built item registry
[INITIALIZATION][CLIENT][INFO] Current loaders after merging: [[preinit], [alchemistry], [contenttweaker], [recipeevent | crafttweaker]]
[INITIALIZATION][CLIENT][INFO] Loading scripts for loader with names [crafttweaker | recipeevent]
[INITIALIZATION][CLIENT][INFO] [crafttweaker | SIDE_CLIENT]: Skipping file {[2:contenttweaker]: contenttweaker\items.zs} as we are currently loading with a different loader
[INITIALIZATION][CLIENT][INFO] [crafttweaker | SIDE_CLIENT]: Loading Script: {[0:crafttweaker]: me5.zs}
[INITIALIZATION][CLIENT][INFO] Adding tooltip for <contenttweaker:raw_silverfish_meat>: "Smells like death"
[INITIALIZATION][CLIENT][INFO] Adding tooltip for <contenttweaker:cooked_silverfish_meat>: "Gives Haste I"
[INITIALIZATION][CLIENT][INFO] Adding tooltip for <contenttweaker:cooked_spider_leg>: "Gives Speed I"
[INITIALIZATION][CLIENT][INFO] Adding tooltip for <contenttweaker:raw_spider_leg>: "Still twitching"
[INITIALIZATION][CLIENT][INFO] [crafttweaker | SIDE_CLIENT]: Loading Script: {[0:crafttweaker]: recipes.zs}
[INITIALIZATION][CLIENT][INFO] [crafttweaker | SIDE_CLIENT]: Loading Script: {[0:crafttweaker]: test.zs}
[INITIALIZATION][CLIENT][INFO] Completed script loading in: 189ms
[POSTINITIALIZATION][CLIENT][INFO] Removing recipes for various outputs
[POSTINITIALIZATION][CLIENT][INFO] Adding shaped recipe for Rotten Flesh with name ct_shaped-2064505312
[POSTINITIALIZATION][CLIENT][INFO] Adding shaped recipe for Bone with name ct_shaped-74087935
[POSTINITIALIZATION][CLIENT][INFO] Adding shaped recipe for Wither Skeleton Skull with name ct_shaped1323241042
[POSTINITIALIZATION][CLIENT][INFO] Adding shaped recipe for Energy Conduit with name ct_shaped-1987514195
[POSTINITIALIZATION][CLIENT][INFO] Adding shaped recipe for Energy Conduit with name ct_shaped486414527
[POSTINITIALIZATION][CLIENT][INFO] Adding shaped recipe for Basic Capacitor with name ct_shaped-403047358
[POSTINITIALIZATION][CLIENT][INFO] Adding shaped recipe for Basic Capacitor with name ct_shaped1220418066
[POSTINITIALIZATION][CLIENT][INFO] Adding furnace recipe for <contenttweaker:raw_spider_leg>
[POSTINITIALIZATION][CLIENT][INFO] Adding furnace recipe for <contenttweaker:raw_silverfish_meat>
[AVAILABLE][CLIENT][INFO] Fixed the RecipeBook
[AVAILABLE][CLIENT][INFO] Removed Chemical Dissolver Recipe for [<tconstruct:edible:3>]
[AVAILABLE][CLIENT][INFO] Added Evaporator recipe for [<liquid:blood>] -> [<tconstruct:edible:3>]
[AVAILABLE][CLIENT][INFO] Added Chemical Dissolver Recipe for [<tconstruct:edible:3>]
[AVAILABLE][CLIENT][INFO] Added Chemical Combiner recipe for [[<alchemistry:element:8> * 64, <alchemistry:element:8> * 64, <alchemistry:element:8> * 64, <alchemistry:element:1> * 64, <alchemistry:element:1> * 64, <alchemistry:element:1> * 64, <alchemistry:element:6> * 64, <alchemistry:element:6> * 64, <alchemistry:element:6> * 64]]->[<enderio:item_material:20>]
[AVAILABLE][CLIENT][INFO] Added Chemical Combiner recipe for [[<alchemistry:compound:1>, <alchemistry:element:38> * 2]]->[<minecraft:netherrack>]
[AVAILABLE][CLIENT][INFO] Added Chemical Dissolver Recipe for [<minecraft:cookie>]
[AVAILABLE][CLIENT][INFO] Added Chemical Dissolver Recipe for [<minecraft:cookie>]
[AVAILABLE][CLIENT][INFO] Added Chemical Dissolver Recipe for [<minecraft:beetroot_seeds>]
[AVAILABLE][CLIENT][INFO] Added Chemical Dissolver Recipe for [<thermalfoundation:material>]
